0 info it worked if it ends with ok
1 verbose cli [ '/home/manoj/.nvm/versions/node/v4.0.0/bin/node',
1 verbose cli   '/home/manoj/.nvm/versions/node/v4.0.0/bin/npm',
1 verbose cli   'run',
1 verbose cli   'devstart' ]
2 info using npm@2.14.2
3 info using node@v4.0.0
4 verbose stack Error: Failed to parse json
4 verbose stack Unexpected token 'd' at 7:6
4 verbose stack     "devstart": "nodemon ./bin/www"
4 verbose stack      ^
4 verbose stack     at parseError (/home/manoj/.nvm/versions/node/v4.0.0/lib/node_modules/npm/node_modules/read-package-json/read-json.js:379:11)
4 verbose stack     at parseJson (/home/manoj/.nvm/versions/node/v4.0.0/lib/node_modules/npm/node_modules/read-package-json/read-json.js:68:23)
4 verbose stack     at /home/manoj/.nvm/versions/node/v4.0.0/lib/node_modules/npm/node_modules/read-package-json/read-json.js:48:5
4 verbose stack     at FSReqWrap.readFileAfterClose [as oncomplete] (evalmachine.<anonymous>:380:3)
5 verbose cwd /home/manoj/Desktop/express-locallibrary
6 error Linux 3.19.0-28-generic
7 error argv "/home/manoj/.nvm/versions/node/v4.0.0/bin/node" "/home/manoj/.nvm/versions/node/v4.0.0/bin/npm" "run" "devstart"
8 error node v4.0.0
9 error npm  v2.14.2
10 error file /home/manoj/Desktop/express-locallibrary/package.json
11 error code EJSONPARSE
12 error Failed to parse json
12 error Unexpected token 'd' at 7:6
12 error     "devstart": "nodemon ./bin/www"
12 error      ^
13 error File: /home/manoj/Desktop/express-locallibrary/package.json
14 error Failed to parse package.json data.
14 error package.json must be actual JSON, not just JavaScript.
14 error
14 error This is not a bug in npm.
14 error Tell the package author to fix their package.json file. JSON.parse
15 verbose exit [ 1, true ]
